Uptime: 0 days, 0 hours, 0 minutes, 16 seconds

CPU Information:
Name: cpu0
Brand: Intel(R) Core(TM) i5-8400 CPU @ 2.80GHz
Frequency: 3800 MHz
Vendor ID: GenuineIntel
Cpu usage: 50%

Name: cpu1
Brand: Intel(R) Core(TM) i5-8400 CPU @ 2.80GHz
Frequency: 3800 MHz
Vendor ID: GenuineIntel
Cpu usage: 50%

Name: cpu2
Brand: Intel(R) Core(TM) i5-8400 CPU @ 2.80GHz
Frequency: 3800 MHz
Vendor ID: GenuineIntel
Cpu usage: 50%

Name: cpu3
Brand: Intel(R) Core(TM) i5-8400 CPU @ 2.80GHz
Frequency: 3800 MHz
Vendor ID: GenuineIntel
Cpu usage: 50%

Name: cpu4
Brand: Intel(R) Core(TM) i5-8400 CPU @ 2.80GHz
Frequency: 3800 MHz
Vendor ID: GenuineIntel
Cpu usage: 66.66667%

Name: cpu5
Brand: Intel(R) Core(TM) i5-8400 CPU @ 2.80GHz
Frequency: 3800 MHz
Vendor ID: GenuineIntel
Cpu usage: 66.66667%


Memory Information
Total RAM: 16582176 bytes
Available RAM: 14398210 bytes
Used RAM: 2183966 bytes
Disk Information:

Device: SSD
Type: SSD
Total Space: 256625344512 bytes
Available Space: 162721406976 bytes

Device: SSD
Type: SSD
Total Space: 256625344512 bytes
Available Space: 162721406976 bytes

Device: SSD
Type: SSD
Total Space: 1020702720 bytes
Available Space: 643936256 bytes

Device: SSD
Type: SSD
Total Space: 100663296 bytes
Available Space: 53649408 bytes


Loaded Modules:
Name: acpi_tad
Size: 20480
Used By: []

Name: crc32_pclmul
Size: 16384
Used By: []

Name: polyval_clmulni
Size: 16384
Used By: []

Name: snd_soc_acpi
Size: 16384
Used By: ["snd_sof_intel_hda_common", "snd_soc_skl", "snd_soc_acpi_intel_match"]

Name: binfmt_misc
Size: 28672
Used By: []

Name: ip6_tables
Size: 40960
Used By: []

Name: soundwire_cadence
Size: 45056
Used By: ["soundwire_intel"]

Name: ee1004
Size: 20480
Used By: []

Name: mei_pxp
Size: 20480
Used By: []

Name: i2c_i801
Size: 40960
Used By: []

Name: soundcore
Size: 16384
Used By: ["snd"]

Name: zram
Size: 32768
Used By: []

Name: snd_hda_core
Size: 139264
Used By: ["snd_sof_intel_hda_common", "snd_sof_intel_hda", "snd_hda_codec_hdmi", "snd_soc_skl", "snd_soc_hdac_hda", "snd_hda_ext_core", "snd_hda_codec_realtek", "snd_hda_codec_generic", "snd_hda_intel", "snd_hda_codec"]

Name: iTCO_wdt
Size: 16384
Used By: []

Name: intel_powerclamp
Size: 16384
Used By: []

Name: crc32c_intel
Size: 24576
Used By: []

Name: snd_hda_codec_hdmi
Size: 94208
Used By: []

Name: snd_hwdep
Size: 20480
Used By: ["snd_hda_codec"]

Name: snd_intel_dspcfg
Size: 36864
Used By: ["snd_sof_intel_hda_common", "snd_sof", "snd_soc_skl", "snd_hda_intel"]

Name: x86_pkg_temp_thermal
Size: 20480
Used By: []

Name: mxm_wmi
Size: 16384
Used By: []

Name: intel_uncore
Size: 258048
Used By: []

Name: snd_pcm
Size: 180224
Used By: ["snd_sof_intel_hda_common", "soundwire_intel", "snd_sof", "snd_sof_utils", "snd_hda_codec_hdmi", "snd_soc_skl", "snd_soc_core", "snd_compress", "snd_pcm_dmaengine", "snd_hda_intel", "snd_hda_codec", "snd_hda_core"]

Name: snd_intel_sdw_acpi
Size: 20480
Used By: ["snd_sof_intel_hda_common", "snd_intel_dspcfg"]

Name: polyval_generic
Size: 16384
Used By: ["polyval_clmulni"]

Name: drm_display_helper
Size: 208896
Used By: ["i915"]

Name: joydev
Size: 28672
Used By: []

Name: snd_sof
Size: 389120
Used By: ["snd_sof_intel_hda_common", "snd_sof_intel_hda", "snd_sof_pci"]

Name: intel_pmc_bxt
Size: 16384
Used By: ["iTCO_wdt"]

Name: nvme_core
Size: 225280
Used By: ["nvme"]

Name: wmi
Size: 45056
Used By: ["asus_wmi", "wmi_bmof", "mxm_wmi", "video"]

Name: snd_pcm_dmaengine
Size: 20480
Used By: ["snd_soc_core"]

Name: snd_seq_dummy
Size: 16384
Used By: []

Name: mei
Size: 192512
Used By: ["mei_pxp", "mei_hdcp", "mei_me"]

Name: serio_raw
Size: 20480
Used By: []

Name: intel_rapl_msr
Size: 20480
Used By: []

Name: snd_hda_ext_core
Size: 36864
Used By: ["snd_sof_intel_hda_common", "snd_sof_intel_hda", "snd_soc_skl", "snd_soc_hdac_hda"]

Name: snd_soc_sst_ipc
Size: 20480
Used By: ["snd_soc_skl"]

Name: intel_rapl_common
Size: 36864
Used By: ["intel_rapl_msr"]

Name: intel_tcc_cooling
Size: 16384
Used By: []

Name: snd_hda_codec_realtek
Size: 192512
Used By: []

Name: snd_soc_sst_dsp
Size: 45056
Used By: ["snd_soc_skl"]

Name: coretemp
Size: 20480
Used By: []

Name: e1000e
Size: 372736
Used By: []

Name: sha512_ssse3
Size: 49152
Used By: []

Name: fuse
Size: 208896
Used By: []

Name: snd_soc_core
Size: 434176
Used By: ["snd_sof_intel_hda_common", "soundwire_intel", "snd_sof", "snd_soc_skl", "snd_soc_hdac_hda"]

Name: snd_hrtimer
Size: 16384
Used By: []

Name: ac97_bus
Size: 16384
Used By: ["snd_soc_core"]

Name: asus_wmi
Size: 77824
Used By: ["eeepc_wmi"]

Name: soundwire_bus
Size: 135168
Used By: ["soundwire_intel", "soundwire_generic_allocation", "soundwire_cadence"]

Name: snd_sof_intel_hda
Size: 24576
Used By: ["snd_sof_intel_hda_common"]

Name: mei_me
Size: 61440
Used By: []

Name: rfkill
Size: 40960
Used By: ["asus_wmi"]

Name: snd_compress
Size: 32768
Used By: ["snd_soc_core"]

Name: sparse_keymap
Size: 16384
Used By: ["asus_wmi"]

Name: snd_timer
Size: 53248
Used By: ["snd_hrtimer", "snd_seq", "snd_pcm"]

Name: snd_sof_utils
Size: 20480
Used By: ["snd_sof"]

Name: drm_buddy
Size: 20480
Used By: ["i915"]

Name: sunrpc
Size: 815104
Used By: []

Name: wmi_bmof
Size: 16384
Used By: []

Name: snd_hda_codec
Size: 217088
Used By: ["snd_sof_intel_hda", "snd_hda_codec_hdmi", "snd_soc_skl", "snd_soc_hdac_hda", "snd_hda_codec_realtek", "snd_hda_codec_generic", "snd_hda_intel"]

Name: acpi_pad
Size: 184320
Used By: []

Name: i915
Size: 3850240
Used By: []

Name: snd_hda_codec_generic
Size: 114688
Used By: ["snd_hda_codec_realtek"]

Name: i2c_smbus
Size: 20480
Used By: ["i2c_i801"]

Name: ip_tables
Size: 40960
Used By: []

Name: snd
Size: 143360
Used By: ["snd_sof", "snd_hda_codec_hdmi", "snd_hda_codec_realtek", "snd_hda_codec_generic", "snd_soc_core", "snd_compress", "snd_hda_intel", "snd_hda_codec", "snd_hwdep", "snd_seq", "snd_seq_device", "snd_pcm", "snd_timer"]

Name: intel_cstate
Size: 24576
Used By: []

Name: soundwire_intel
Size: 61440
Used By: ["snd_sof_intel_hda_common"]

Name: vfat
Size: 24576
Used By: []

Name: rapl
Size: 24576
Used By: []

Name: soundwire_generic_allocation
Size: 16384
Used By: ["soundwire_intel"]

Name: nvme_common
Size: 24576
Used By: ["nvme_core"]

Name: snd_sof_xtensa_dsp
Size: 20480
Used By: ["snd_sof_intel_hda_common"]

Name: pcspkr
Size: 16384
Used By: []

Name: cec
Size: 86016
Used By: ["i915", "drm_display_helper"]

Name: eeepc_wmi
Size: 16384
Used By: []

Name: snd_soc_hdac_hda
Size: 28672
Used By: ["snd_sof_intel_hda_common", "snd_soc_skl"]

Name: ledtrig_audio
Size: 16384
Used By: ["snd_hda_codec_generic", "asus_wmi"]

Name: platform_profile
Size: 16384
Used By: ["asus_wmi"]

Name: qrtr
Size: 57344
Used By: []

Name: snd_hda_intel
Size: 65536
Used By: []

Name: snd_sof_intel_hda_common
Size: 229376
Used By: ["snd_sof_pci_intel_cnl"]

Name: nvme
Size: 65536
Used By: []

Name: snd_sof_pci
Size: 24576
Used By: ["snd_sof_pci_intel_cnl", "snd_sof_intel_hda_common"]

Name: mei_hdcp
Size: 28672
Used By: []

Name: snd_sof_pci_intel_cnl
Size: 16384
Used By: []

Name: snd_soc_skl
Size: 241664
Used By: []

Name: ghash_clmulni_intel
Size: 16384
Used By: []

Name: snd_seq_device
Size: 16384
Used By: ["snd_seq"]

Name: snd_soc_acpi_intel_match
Size: 73728
Used By: ["snd_sof_pci_intel_cnl", "snd_sof_intel_hda_common", "snd_soc_skl"]

Name: video
Size: 73728
Used By: ["asus_wmi", "i915"]

Name: crct10dif_pclmul
Size: 16384
Used By: []

Name: i2c_algo_bit
Size: 20480
Used By: ["i915"]

Name: iTCO_vendor_support
Size: 16384
Used By: ["iTCO_wdt"]

Name: snd_seq
Size: 106496
Used By: ["snd_seq_dummy"]

Name: ttm
Size: 102400
Used By: ["i915"]

Name: fat
Size: 102400
Used By: ["vfat"]

Name: loop
Size: 40960
Used By: []

