Uptime: 0 days, 1 hours, 20 minutes, 33 seconds

CPU Information:
Name: cpu0
Brand: Intel(R) Core(TM) i5-8400 CPU @ 2.80GHz
Frequency: 3799 MHz
Vendor ID: GenuineIntel
Cpu usage: 50%

Name: cpu1
Brand: Intel(R) Core(TM) i5-8400 CPU @ 2.80GHz
Frequency: 3799 MHz
Vendor ID: GenuineIntel
Cpu usage: 40%

Name: cpu2
Brand: Intel(R) Core(TM) i5-8400 CPU @ 2.80GHz
Frequency: 3800 MHz
Vendor ID: GenuineIntel
Cpu usage: 40%

Name: cpu3
Brand: Intel(R) Core(TM) i5-8400 CPU @ 2.80GHz
Frequency: 3800 MHz
Vendor ID: GenuineIntel
Cpu usage: 40%

Name: cpu4
Brand: Intel(R) Core(TM) i5-8400 CPU @ 2.80GHz
Frequency: 3799 MHz
Vendor ID: GenuineIntel
Cpu usage: 60.000004%

Name: cpu5
Brand: Intel(R) Core(TM) i5-8400 CPU @ 2.80GHz
Frequency: 3800 MHz
Vendor ID: GenuineIntel
Cpu usage: 60.000004%


Memory Information
Total RAM: 16605188 bytes
Available RAM: 11176079 bytes
Used RAM: 5429109 bytes
Disk Information:

Device: SSD
Type: SSD
Total Space: 256625344512 bytes
Available Space: 114404257792 bytes

Device: SSD
Type: SSD
Total Space: 256625344512 bytes
Available Space: 114404257792 bytes

Device: SSD
Type: SSD
Total Space: 1020702720 bytes
Available Space: 636911616 bytes

Device: SSD
Type: SSD
Total Space: 100663296 bytes
Available Space: 51880960 bytes


Loaded Modules:
Name: drm_display_helper
Size: 229376
Used By: ["i915"]

Name: mxm_wmi
Size: 12288
Used By: []

Name: platform_profile
Size: 12288
Used By: ["asus_wmi"]

Name: xt_MASQUERADE
Size: 16384
Used By: []

Name: snd_seq_device
Size: 16384
Used By: ["snd_seq"]

Name: sparse_keymap
Size: 12288
Used By: ["asus_wmi"]

Name: snd_seq
Size: 126976
Used By: ["snd_seq_dummy"]

Name: eeepc_wmi
Size: 12288
Used By: []

Name: x86_pkg_temp_thermal
Size: 16384
Used By: []

Name: xt_nat
Size: 12288
Used By: []

Name: nf_defrag_ipv4
Size: 12288
Used By: ["nf_conntrack"]

Name: fat
Size: 106496
Used By: ["vfat"]

Name: snd_hda_ext_core
Size: 36864
Used By: ["snd_sof_intel_hda_common", "snd_sof_intel_hda_mlink", "snd_sof_intel_hda", "snd_soc_skl", "snd_soc_hdac_hda"]

Name: snd_timer
Size: 53248
Used By: ["snd_hrtimer", "snd_seq", "snd_pcm"]

Name: crc32_pclmul
Size: 12288
Used By: []

Name: i2c_smbus
Size: 20480
Used By: ["i2c_i801"]

Name: pcspkr
Size: 12288
Used By: []

Name: snd
Size: 155648
Used By: ["snd_sof", "snd_hda_codec_hdmi", "snd_soc_core", "snd_hda_codec_realtek", "snd_compress", "snd_hda_codec_generic", "snd_hda_intel", "snd_hda_codec", "snd_hwdep", "snd_seq", "snd_seq_device", "snd_pcm", "snd_timer"]

Name: stp
Size: 12288
Used By: ["bridge"]

Name: ghash_clmulni_intel
Size: 16384
Used By: []

Name: mtd
Size: 110592
Used By: ["spi_nor"]

Name: iTCO_vendor_support
Size: 12288
Used By: ["iTCO_wdt"]

Name: sha512_ssse3
Size: 53248
Used By: []

Name: vsock
Size: 65536
Used By: ["vmw_vsock_vmci_transport"]

Name: snd_soc_sst_ipc
Size: 20480
Used By: ["snd_soc_skl"]

Name: joydev
Size: 24576
Used By: []

Name: bridge
Size: 446464
Used By: ["br_netfilter"]

Name: polyval_clmulni
Size: 12288
Used By: []

Name: snd_soc_acpi_intel_match
Size: 98304
Used By: ["snd_sof_pci_intel_cnl", "snd_sof_intel_hda_common", "snd_soc_skl"]

Name: intel_powerclamp
Size: 20480
Used By: []

Name: rapl
Size: 20480
Used By: []

Name: nvme
Size: 65536
Used By: []

Name: nft_compat
Size: 24576
Used By: []

Name: snd_soc_core
Size: 462848
Used By: ["snd_sof_intel_hda_common", "soundwire_intel", "snd_sof", "snd_soc_skl", "snd_soc_hdac_hda"]

Name: ac97_bus
Size: 12288
Used By: ["snd_soc_core"]

Name: mei_hdcp
Size: 28672
Used By: []

Name: wmi_bmof
Size: 12288
Used By: []

Name: loop
Size: 40960
Used By: []

Name: irqbypass
Size: 12288
Used By: ["kvm"]

Name: i2c_algo_bit
Size: 20480
Used By: ["i915"]

Name: ip_tables
Size: 28672
Used By: []

Name: intel_cstate
Size: 20480
Used By: []

Name: nfnetlink
Size: 20480
Used By: ["nf_conntrack_netlink", "nft_compat", "nf_tables"]

Name: br_netfilter
Size: 36864
Used By: []

Name: snd_soc_hdac_hda
Size: 28672
Used By: ["snd_sof_intel_hda_common", "snd_soc_skl"]

Name: snd_hda_codec_realtek
Size: 196608
Used By: []

Name: snd_soc_acpi
Size: 16384
Used By: ["snd_sof_intel_hda_common", "snd_soc_skl", "snd_soc_acpi_intel_match"]

Name: intel_rapl_common
Size: 40960
Used By: ["intel_rapl_msr"]

Name: snd_hda_codec_hdmi
Size: 94208
Used By: []

Name: snd_pcm_dmaengine
Size: 16384
Used By: ["snd_soc_core"]

Name: snd_hda_codec
Size: 225280
Used By: ["snd_sof_intel_hda", "snd_soc_skl", "snd_soc_hdac_hda", "snd_hda_codec_hdmi", "snd_hda_codec_realtek", "snd_hda_codec_generic", "snd_hda_intel"]

Name: iTCO_wdt
Size: 16384
Used By: []

Name: intel_uncore
Size: 258048
Used By: []

Name: mei_me
Size: 57344
Used By: []

Name: spi_intel_pci
Size: 12288
Used By: []

Name: snd_soc_sst_dsp
Size: 45056
Used By: ["snd_soc_skl"]

Name: crc32c_intel
Size: 16384
Used By: []

Name: snd_sof_pci
Size: 24576
Used By: ["snd_sof_pci_intel_cnl", "snd_sof_intel_hda_common"]

Name: acpi_tad
Size: 20480
Used By: []

Name: ee1004
Size: 16384
Used By: []

Name: cec
Size: 86016
Used By: ["i915", "drm_display_helper"]

Name: ip6_tables
Size: 28672
Used By: []

Name: fuse
Size: 212992
Used By: []

Name: coretemp
Size: 16384
Used By: []

Name: snd_sof_intel_hda_mlink
Size: 36864
Used By: ["snd_sof_intel_hda_common", "soundwire_intel"]

Name: soundcore
Size: 16384
Used By: ["snd"]

Name: ttm
Size: 110592
Used By: ["i915"]

Name: spi_intel
Size: 36864
Used By: ["spi_intel_pci"]

Name: sunrpc
Size: 888832
Used By: []

Name: mei_pxp
Size: 20480
Used By: []

Name: snd_sof_intel_hda_common
Size: 249856
Used By: ["snd_sof_pci_intel_cnl"]

Name: intel_tcc_cooling
Size: 12288
Used By: []

Name: snd_hda_intel
Size: 65536
Used By: []

Name: snd_sof_intel_hda
Size: 24576
Used By: ["snd_sof_intel_hda_common"]

Name: snd_sof_xtensa_dsp
Size: 16384
Used By: ["snd_sof_intel_hda_common"]

Name: spi_nor
Size: 163840
Used By: []

Name: i915
Size: 4169728
Used By: []

Name: crct10dif_pclmul
Size: 12288
Used By: []

Name: soundwire_intel
Size: 81920
Used By: ["snd_sof_intel_hda_common"]

Name: sha256_ssse3
Size: 32768
Used By: []

Name: vmw_vsock_vmci_transport
Size: 45056
Used By: []

Name: nf_conntrack_netlink
Size: 61440
Used By: []

Name: nft_chain_nat
Size: 12288
Used By: []

Name: xt_addrtype
Size: 12288
Used By: []

Name: kvm_intel
Size: 425984
Used By: []

Name: nf_tables
Size: 368640
Used By: ["nft_chain_nat", "nft_compat"]

Name: snd_intel_sdw_acpi
Size: 16384
Used By: ["snd_sof_intel_hda_common", "snd_intel_dspcfg"]

Name: snd_compress
Size: 28672
Used By: ["snd_soc_core"]

Name: vmw_vmci
Size: 135168
Used By: ["vmw_vsock_vmci_transport"]

Name: snd_pcm
Size: 184320
Used By: ["snd_sof_intel_hda_common", "soundwire_intel", "snd_sof", "snd_sof_utils", "snd_soc_skl", "snd_hda_codec_hdmi", "snd_soc_core", "snd_compress", "snd_pcm_dmaengine", "snd_hda_intel", "snd_hda_codec", "snd_hda_core"]

Name: zram
Size: 32768
Used By: []

Name: snd_soc_skl
Size: 241664
Used By: []

Name: drm_buddy
Size: 20480
Used By: ["i915"]

Name: vfat
Size: 20480
Used By: []

Name: nf_nat
Size: 65536
Used By: ["xt_nat", "nft_chain_nat", "xt_MASQUERADE"]

Name: snd_seq_dummy
Size: 12288
Used By: []

Name: soundwire_bus
Size: 139264
Used By: ["soundwire_intel", "soundwire_cadence", "soundwire_generic_allocation"]

Name: i2c_i801
Size: 36864
Used By: []

Name: serio_raw
Size: 16384
Used By: []

Name: nvme_auth
Size: 24576
Used By: ["nvme_core"]

Name: intel_rapl_msr
Size: 20480
Used By: []

Name: parport_pc
Size: 49152
Used By: []

Name: soundwire_generic_allocation
Size: 12288
Used By: ["soundwire_intel"]

Name: sha1_ssse3
Size: 32768
Used By: []

Name: snd_hrtimer
Size: 12288
Used By: []

Name: polyval_generic
Size: 12288
Used By: ["polyval_clmulni"]

Name: nf_conntrack
Size: 188416
Used By: ["xt_nat", "xt_conntrack", "xt_MASQUERADE", "nf_nat", "nf_conntrack_netlink"]

Name: ppdev
Size: 24576
Used By: []

Name: binfmt_misc
Size: 28672
Used By: []

Name: asus_wmi
Size: 98304
Used By: ["eeepc_wmi"]

Name: video
Size: 77824
Used By: ["asus_wmi", "i915"]

Name: snd_sof
Size: 434176
Used By: ["snd_sof_intel_hda_common", "snd_sof_intel_hda", "snd_sof_pci"]

Name: e1000e
Size: 368640
Used By: []

Name: kvm
Size: 1376256
Used By: ["kvm_intel"]

Name: snd_sof_utils
Size: 16384
Used By: ["snd_sof"]

Name: rfkill
Size: 40960
Used By: ["asus_wmi"]

Name: qrtr
Size: 57344
Used By: []

Name: acpi_pad
Size: 184320
Used By: []

Name: ledtrig_audio
Size: 12288
Used By: ["snd_hda_codec_generic", "asus_wmi"]

Name: snd_hda_core
Size: 151552
Used By: ["snd_sof_intel_hda_common", "snd_sof_intel_hda", "snd_soc_skl", "snd_soc_hdac_hda", "snd_hda_ext_core", "snd_hda_codec_hdmi", "snd_hda_codec_realtek", "snd_hda_codec_generic", "snd_hda_intel", "snd_hda_codec"]

Name: snd_sof_pci_intel_cnl
Size: 12288
Used By: []

Name: overlay
Size: 233472
Used By: []

Name: wmi
Size: 45056
Used By: ["asus_wmi", "mxm_wmi", "wmi_bmof", "video"]

Name: nvme_core
Size: 229376
Used By: ["nvme"]

Name: veth
Size: 40960
Used By: []

Name: xt_conntrack
Size: 12288
Used By: []

Name: tun
Size: 69632
Used By: []

Name: snd_hda_codec_generic
Size: 114688
Used By: ["snd_hda_codec_realtek"]

Name: snd_hwdep
Size: 20480
Used By: ["snd_hda_codec"]

Name: snd_intel_dspcfg
Size: 40960
Used By: ["snd_sof_intel_hda_common", "snd_sof", "snd_soc_skl", "snd_hda_intel"]

Name: nf_defrag_ipv6
Size: 24576
Used By: ["nf_conntrack"]

Name: llc
Size: 16384
Used By: ["bridge", "stp"]

Name: soundwire_cadence
Size: 45056
Used By: ["soundwire_intel"]

Name: intel_pmc_bxt
Size: 16384
Used By: ["iTCO_wdt"]

Name: mei
Size: 204800
Used By: ["mei_pxp", "mei_hdcp", "mei_me"]

Name: parport
Size: 81920
Used By: ["ppdev", "parport_pc"]

